<?xml version="1.0" encoding="UTF-8"?>
<!-- Generated by org.testng.reporters.JUnitXMLReporter -->
<testsuite ignored="0" hostname="LapWinX-DAC104" failures="0" tests="40" name="Default test" time="195.539" errors="0" timestamp="04 Feb 2022 09:42:51 GMT">
  <testcase classname="Function.SendEmail_Sales" name="SendMultipleEmails" time="4.515"/>
  <testcase classname="Function.SendEmail_Sales" name="SendMultipleEmails" time="4.439"/>
  <testcase classname="Function.SendEmail_Sales" name="SendMultipleEmails" time="4.133"/>
  <testcase classname="Function.SendEmail_Sales" name="SendMultipleEmails" time="4.014"/>
  <testcase classname="Function.SendEmail_Sales" name="SendMultipleEmails" time="4.291"/>
  <testcase classname="Function.SendEmail_Sales" name="SendMultipleEmails" time="4.568"/>
  <testcase classname="Function.SendEmail_Sales" name="SendMultipleEmails" time="6.379"/>
  <testcase classname="Function.SendEmail_Sales" name="SendMultipleEmails" time="4.342"/>
  <testcase classname="Function.SendEmail_Sales" name="SendMultipleEmails" time="4.123"/>
  <testcase classname="Function.SendEmail_Sales" name="SendMultipleEmails" time="3.99"/>
  <testcase classname="Function.SendEmail_Sales" name="SendMultipleEmails" time="5.219"/>
  <testcase classname="Function.SendEmail_Sales" name="SendMultipleEmails" time="5.348"/>
  <testcase classname="Function.SendEmail_Sales" name="SendMultipleEmails" time="4.542"/>
  <testcase classname="Function.SendEmail_Sales" name="SendMultipleEmails" time="6.72"/>
  <testcase classname="Function.SendEmail_Sales" name="SendMultipleEmails" time="5.526"/>
  <testcase classname="Function.SendEmail_Sales" name="SendMultipleEmails" time="4.429"/>
  <testcase classname="Function.SendEmail_Sales" name="SendMultipleEmails" time="4.788"/>
  <testcase classname="Function.SendEmail_Sales" name="SendMultipleEmails" time="4.698"/>
  <testcase classname="Function.SendEmail_Sales" name="SendMultipleEmails" time="4.813"/>
  <testcase classname="Function.SendEmail_Sales" name="SendMultipleEmails" time="4.603"/>
  <testcase classname="Function.SendEmail_Sales" name="SendMultipleEmails" time="5.888"/>
  <testcase classname="Function.SendEmail_Sales" name="SendMultipleEmails" time="4.731"/>
  <testcase classname="Function.SendEmail_Sales" name="SendMultipleEmails" time="4.397"/>
  <testcase classname="Function.SendEmail_Sales" name="SendMultipleEmails" time="4.661"/>
  <testcase classname="Function.SendEmail_Sales" name="SendMultipleEmails" time="5.82"/>
  <testcase classname="Function.SendEmail_Sales" name="SendMultipleEmails" time="4.455"/>
  <testcase classname="Function.SendEmail_Sales" name="SendMultipleEmails" time="4.84"/>
  <testcase classname="Function.SendEmail_Sales" name="SendMultipleEmails" time="4.979"/>
  <testcase classname="Function.SendEmail_Sales" name="SendMultipleEmails" time="4.883"/>
  <testcase classname="Function.SendEmail_Sales" name="SendMultipleEmails" time="4.795"/>
  <testcase classname="Function.SendEmail_Sales" name="SendMultipleEmails" time="4.604"/>
  <testcase classname="Function.SendEmail_Sales" name="SendMultipleEmails" time="4.794"/>
  <testcase classname="Function.SendEmail_Sales" name="SendMultipleEmails" time="4.809"/>
  <testcase classname="Function.SendEmail_Sales" name="SendMultipleEmails" time="4.569"/>
  <testcase classname="Function.SendEmail_Sales" name="SendMultipleEmails" time="5.632"/>
  <testcase classname="Function.SendEmail_Sales" name="SendMultipleEmails" time="4.813"/>
  <testcase classname="Function.SendEmail_Sales" name="SendMultipleEmails" time="4.69"/>
  <testcase classname="Function.SendEmail_Sales" name="SendMultipleEmails" time="5.452"/>
  <testcase classname="Function.SendEmail_Sales" name="SendMultipleEmails" time="4.454"/>
  <testcase classname="Function.SendEmail_Sales" name="SendMultipleEmails" time="4.836"/>
</testsuite> <!-- Default test -->
