<?xml version="1.0" encoding="UTF-8"?>
<!-- Generated by org.testng.reporters.JUnitXMLReporter -->
<testsuite hostname="DESKTOP-9N55AFQ" ignored="4" name="TC_006-Verify scenario when staff availability is set as never repeat for booking sessions" tests="5" failures="0" timestamp="2021-08-19T14:54:03 IST" time="67.299" errors="0">
  <testcase name="verifyLogin" time="2.063" classname="TestFunctions.Login_Admin"/>
  <testcase name="StaffAvailability_NeverRepeat" time="29.595" classname="TestFunctions.Staff_ManageStaff_Availability_NeverRepeat"/>
  <testcase name="Logout" time="5.039" classname="TestFunctions.Logout"/>
  <testcase name="verifyLogin" time="23.776" classname="TestFunctions.Login_Student"/>
  <testcase name="student_createevent_NeverRepeat" time="6.731" classname="TestFunctions.Student_CreateEvent_VerifySessionBookingBasedOnStaffAvailability_NeverRepeat"/>
  <testcase name="@BeforeSuite initDriver" time="0.0" classname="Common.BaseClass">
    <ignored/>
  </testcase> <!-- @BeforeSuite initDriver -->
  <testcase name="@BeforeSuite initDriver" time="0.0" classname="Common.BaseClass">
    <ignored/>
  </testcase> <!-- @BeforeSuite initDriver -->
  <testcase name="@BeforeSuite initDriver" time="0.0" classname="Common.BaseClass">
    <ignored/>
  </testcase> <!-- @BeforeSuite initDriver -->
  <testcase name="@BeforeSuite initDriver" time="0.0" classname="Common.BaseClass">
    <ignored/>
  </testcase> <!-- @BeforeSuite initDriver -->
</testsuite> <!-- TC_006-Verify scenario when staff availability is set as never repeat for booking sessions -->
