<?xml version="1.0" encoding="UTF-8"?>
<!-- Generated by org.testng.reporters.JUnitXMLReporter -->
<testsuite hostname="DESKTOP-9N55AFQ" ignored="2" name="TC_007-Verify scenario when staff availability is set as overlapped for booking sessions" tests="3" failures="0" timestamp="2021-08-19T15:05:23 IST" time="24.72" errors="0">
  <testcase name="verifyLogin" time="1.952" classname="TestFunctions.Login_Admin"/>
  <testcase name="StaffAvailability_OverlappedSLots" time="17.794" classname="TestFunctions.Staff_ManageStaff_Availability_OverlappedSlots"/>
  <testcase name="Logout" time="4.875" classname="TestFunctions.Logout"/>
  <testcase name="@BeforeSuite initDriver" time="0.0" classname="Common.BaseClass">
    <ignored/>
  </testcase> <!-- @BeforeSuite initDriver -->
  <testcase name="@BeforeSuite initDriver" time="0.0" classname="Common.BaseClass">
    <ignored/>
  </testcase> <!-- @BeforeSuite initDriver -->
</testsuite> <!-- TC_007-Verify scenario when staff availability is set as overlapped for booking sessions -->
