<?xml version="1.0" encoding="UTF-8"?>
<!-- Generated by org.testng.reporters.JUnitXMLReporter -->
<testsuite hostname="DESKTOP-9N55AFQ" ignored="4" name="TC_006-Sign in as student and create a session request" tests="5" failures="0" timestamp="2021-08-19T15:08:01 IST" time="53.202" errors="0">
  <testcase name="verifyLogin" time="2.317" classname="TestFunctions.Login_Admin"/>
  <testcase name="StaffAvailability_RepeatDaily" time="15.569" classname="TestFunctions.Staff_ManageStaff_Availability_RepeatDaily"/>
  <testcase name="Logout" time="5.143" classname="TestFunctions.Logout"/>
  <testcase name="verifyLogin" time="23.749" classname="TestFunctions.Login_Student"/>
  <testcase name="student_createevent" time="6.309" classname="TestFunctions.Student_CreateEvent"/>
  <testcase name="@BeforeSuite initDriver" time="0.0" classname="Common.BaseClass">
    <ignored/>
  </testcase> <!-- @BeforeSuite initDriver -->
  <testcase name="@BeforeSuite initDriver" time="0.0" classname="Common.BaseClass">
    <ignored/>
  </testcase> <!-- @BeforeSuite initDriver -->
  <testcase name="@BeforeSuite initDriver" time="0.0" classname="Common.BaseClass">
    <ignored/>
  </testcase> <!-- @BeforeSuite initDriver -->
  <testcase name="@BeforeSuite initDriver" time="0.0" classname="Common.BaseClass">
    <ignored/>
  </testcase> <!-- @BeforeSuite initDriver -->
</testsuite> <!-- TC_006-Sign in as student and create a session request -->
