<?xml version="1.0" encoding="UTF-8"?>
<!-- Generated by org.testng.reporters.JUnitXMLReporter -->
<testsuite hostname="TSPL-DEV233" ignored="0" name="AcceptnDeliverOrder" tests="5" failures="0" timestamp="2020-07-27T18:44:06 IST" time="57.972" errors="0">
  <testcase name="DriverVerifyLogin" time="11.71" classname="TestFunctions.QWQER_SC_002_Partner_Accept_PlacedOrder"/>
  <testcase name="DriverVerifyPlacedOrderDetails" time="5.495" classname="TestFunctions.QWQER_SC_002_Partner_Accept_PlacedOrder"/>
  <testcase name="AcceptSenderOrReceiverDetails" time="12.467" classname="TestFunctions.QWQER_SC_002_Partner_Accept_PlacedOrder"/>
  <testcase name="AcceptPlacedOrder" time="3.78" classname="TestFunctions.QWQER_SC_002_Partner_Accept_PlacedOrder"/>
  <testcase name="PickUpandDeliverOrder" time="6.904" classname="TestFunctions.QWQER_SC_002_Partner_Accept_PlacedOrder"/>
</testsuite> <!-- AcceptnDeliverOrder -->
